[debug] [2018-01-16T21:32:26.917Z] ----------------------------------------------------------------------
[debug] [2018-01-16T21:32:26.920Z] Command:       C:\Program Files\nodejs\node.exe C:\Users\andrew.dickinson\AppData\Roaming\npm\node_modules\firebase-tools\bin\firebase deploy
[debug] [2018-01-16T21:32:26.920Z] CLI Version:   3.16.0
[debug] [2018-01-16T21:32:26.920Z] Platform:      win32
[debug] [2018-01-16T21:32:26.920Z] Node Version:  v8.9.3
[debug] [2018-01-16T21:32:26.920Z] Time:          Tue Jan 16 2018 13:32:26 GMT-0800 (Pacific Standard Time)
[debug] [2018-01-16T21:32:26.920Z] ----------------------------------------------------------------------
[debug] 
[debug] [2018-01-16T21:32:26.933Z] > command requires scopes: ["email","openid","https://www.googleapis.com/auth/cloudplatformprojects.readonly","https://www.googleapis.com/auth/firebase","https://www.googleapis.com/auth/cloud-platform"]
[debug] [2018-01-16T21:32:26.933Z] > authorizing via signed-in user
[debug] [2018-01-16T21:32:26.936Z] >>> HTTP REQUEST GET https://admin.firebase.com/v1/projects/andrewcosmic-88  
  
 Tue Jan 16 2018 13:32:26 GMT-0800 (Pacific Standard Time)
[debug] [2018-01-16T21:32:27.889Z] <<< HTTP RESPONSE 200
[debug] [2018-01-16T21:32:27.892Z] >>> HTTP REQUEST GET https://admin.firebase.com/v1/database/andrewcosmic-88/tokens  
  
 Tue Jan 16 2018 13:32:27 GMT-0800 (Pacific Standard Time)
[debug] [2018-01-16T21:32:29.168Z] <<< HTTP RESPONSE 200
[info] 
[info] === Deploying to 'andrewcosmic-88'...
[info] 
[info] i  deploying hosting
[info] i  hosting: preparing build directory for upload...
[debug] [2018-01-16T21:32:31.022Z] >>> HTTP REQUEST PUT https://deploy.firebase.com/v1/hosting/andrewcosmic-88/uploads/-L3-soNNT229QkuGkZvY?fileCount=18&message=  
  
 Tue Jan 16 2018 13:32:31 GMT-0800 (Pacific Standard Time)
[debug] [2018-01-16T21:38:22.834Z] ----------------------------------------------------------------------
[debug] [2018-01-16T21:38:22.837Z] Command:       C:\Program Files\nodejs\node.exe C:\Users\andrew.dickinson\AppData\Roaming\npm\node_modules\firebase-tools\bin\firebase deploy
[debug] [2018-01-16T21:38:22.837Z] CLI Version:   3.16.0
[debug] [2018-01-16T21:38:22.837Z] Platform:      win32
[debug] [2018-01-16T21:38:22.837Z] Node Version:  v8.9.3
[debug] [2018-01-16T21:38:22.837Z] Time:          Tue Jan 16 2018 13:38:22 GMT-0800 (Pacific Standard Time)
[debug] [2018-01-16T21:38:22.838Z] ----------------------------------------------------------------------
[debug] 
[debug] [2018-01-16T21:38:22.850Z] > command requires scopes: ["email","openid","https://www.googleapis.com/auth/cloudplatformprojects.readonly","https://www.googleapis.com/auth/firebase","https://www.googleapis.com/auth/cloud-platform"]
[debug] [2018-01-16T21:38:22.850Z] > authorizing via signed-in user
[debug] [2018-01-16T21:38:22.852Z] >>> HTTP REQUEST GET https://admin.firebase.com/v1/projects/andrewcosmic-88  
  
 Tue Jan 16 2018 13:38:22 GMT-0800 (Pacific Standard Time)
[debug] [2018-01-16T21:38:25.712Z] <<< HTTP RESPONSE 200
[debug] [2018-01-16T21:38:25.715Z] >>> HTTP REQUEST GET https://admin.firebase.com/v1/database/andrewcosmic-88/tokens  
  
 Tue Jan 16 2018 13:38:25 GMT-0800 (Pacific Standard Time)
[debug] [2018-01-16T21:38:27.129Z] <<< HTTP RESPONSE 200
[info] 
[info] === Deploying to 'andrewcosmic-88'...
[info] 
[info] i  deploying hosting
[info] i  hosting: preparing build directory for upload...
[debug] [2018-01-16T21:38:30.532Z] >>> HTTP REQUEST PUT https://deploy.firebase.com/v1/hosting/andrewcosmic-88/uploads/-L3-uB57ENqRReMpvFPn?fileCount=18&message=  
  
 Tue Jan 16 2018 13:38:30 GMT-0800 (Pacific Standard Time)
